C51 COMPILER V9.01   BYTESHIFT1                                                            06/19/2014 21:03:08 PAGE 1   


C51 COMPILER V9.01, COMPILATION OF MODULE BYTESHIFT1
OBJECT MODULE PLACED IN byteshift1.OBJ
COMPILER INVOKED BY: C:\Keil\C51\BIN\C51.EXE byteshift1.c BROWSE DEBUG OBJECTEXTEND

line level    source

   1           #include<reg51.h>
   2          #define LED P1
   3          void main()
   4           {
   5   1       unsigned int y;
   6   1      unsigned char x,i;
   7   1      x=0x80; 
   8   1      while(1)
   9   1      {
  10   2      for(i=7;i<8;i--)
  11   2      {
  12   3      LED=x;
  13   3       for(y=0;y<40000;y++);
  14   3      x=x>>1;
  15   3       }
  16   2       }
  17   1       }


MODULE INFORMATION:   STATIC OVERLAYABLE
   CODE SIZE        =     51    ----
   CONSTANT SIZE    =   ----    ----
   XDATA SIZE       =   ----    ----
   PDATA SIZE       =   ----    ----
   DATA SIZE        =   ----       2
   IDATA SIZE       =   ----    ----
   BIT SIZE         =   ----    ----
END OF MODULE INFORMATION.


C51 COMPILATION COMPLETE.  0 WARNING(S),  0 ERROR(S)
