C51 COMPILER V9.01   BYTESHIFTCON                                                          06/21/2014 00:14:28 PAGE 1   


C51 COMPILER V9.01, COMPILATION OF MODULE BYTESHIFTCON
OBJECT MODULE PLACED IN byteshiftcon.OBJ
COMPILER INVOKED BY: C:\Keil\C51\BIN\C51.EXE byteshiftcon.c BROWSE DEBUG OBJECTEXTEND

line level    source

   1          #include<reg51.h>
   2          #define LED P1
   3          void main()
   4          {
   5   1      unsigned int y,z,j;
   6   1      unsigned char x,i;
   7   1      x=0x01;
   8   1      z=0x80;
   9   1      while(1)
  10   1      {
  11   2      for(i=0;i<8;i++)
  12   2      {
  13   3      for(j=7;j<8;j--)
  14   3      {
  15   4      //LED=z;
  16   4      LED=x;
  17   4      for(y=0;y<40000;y++);
  18   4      x=x<<1;
  19   4      z=z>>1;
  20   4      
  21   4       }
  22   3      } }
  23   1       }


MODULE INFORMATION:   STATIC OVERLAYABLE
   CODE SIZE        =     93    ----
   CONSTANT SIZE    =   ----    ----
   XDATA SIZE       =   ----    ----
   PDATA SIZE       =   ----    ----
   DATA SIZE        =   ----       6
   IDATA SIZE       =   ----    ----
   BIT SIZE         =   ----    ----
END OF MODULE INFORMATION.


C51 COMPILATION COMPLETE.  0 WARNING(S),  0 ERROR(S)
