C51 COMPILER V9.01   DELAY1                                                                06/25/2014 19:52:54 PAGE 1   


C51 COMPILER V9.01, COMPILATION OF MODULE DELAY1
OBJECT MODULE PLACED IN delay1.OBJ
COMPILER INVOKED BY: C:\Keil\C51\BIN\C51.EXE delay1.c BROWSE DEBUG OBJECTEXTEND

line level    source

   1          #include<reg51.h>
   2          sbit a=P1^0;
   3          sbit b=P1^1;
   4          sbit c=P1^2;
   5          sbit d=P1^3;
   6          sbit e=P0^0;
   7          void delay();
   8          void main()
   9          {
  10   1      a=1;b=1;c=1;d=1;
  11   1      if(e==0)
  12   1      
  13   1      {a=1;b=0;c=1;d=0;
  14   2      delay();
  15   2      }
  16   1      if(e==1)
  17   1      {
  18   2      a=0;b=1;c=0;d=1;
  19   2      }
  20   1      }
  21          void delay()
  22          {
  23   1      //unsigned int thod,th1,tl1,tr1,tf1;
  24   1      TMOD=0x50;
  25   1      TH1=0xFF;
  26   1      TL1=0xFF;
  27   1      TR1=1;
  28   1      while(TF1!=0);
  29   1      TF1=0;
  30   1      TR1=0;
  31   1      }


MODULE INFORMATION:   STATIC OVERLAYABLE
   CODE SIZE        =     53    ----
   CONSTANT SIZE    =   ----    ----
   XDATA SIZE       =   ----    ----
   PDATA SIZE       =   ----    ----
   DATA SIZE        =   ----    ----
   IDATA SIZE       =   ----    ----
   BIT SIZE         =   ----    ----
END OF MODULE INFORMATION.


C51 COMPILATION COMPLETE.  0 WARNING(S),  0 ERROR(S)
