C51 COMPILER V9.01   INTER1                                                                06/27/2014 02:18:41 PAGE 1   


C51 COMPILER V9.01, COMPILATION OF MODULE INTER1
OBJECT MODULE PLACED IN inter1.OBJ
COMPILER INVOKED BY: C:\Keil\C51\BIN\C51.EXE inter1.c BROWSE DEBUG OBJECTEXTEND

line level    source

   1          #include<reg51.h>
   2          sbit a=P1^0;
   3          void main()
   4          {
   5   1      TMOD=0x10;
   6   1      TH1=0x3C;
   7   1      TL1=0xFD;
   8   1      TR1=1;
   9   1      while(TF1==0);
  10   1      TF1=0;TR1=0;
  11   1      IE=0x88;
  12   1      //a=1;
  13   1      }
  14          void cr()interrupt 0
  15          {
  16   1      unsigned int i;
  17   1      for(i=0;i<5;i++)
  18   1      {
  19   2      a=0;
  20   2      a=1;
  21   2      }
  22   1      }


MODULE INFORMATION:   STATIC OVERLAYABLE
   CODE SIZE        =     60    ----
   CONSTANT SIZE    =   ----    ----
   XDATA SIZE       =   ----    ----
   PDATA SIZE       =   ----    ----
   DATA SIZE        =   ----    ----
   IDATA SIZE       =   ----    ----
   BIT SIZE         =   ----    ----
END OF MODULE INFORMATION.


C51 COMPILATION COMPLETE.  0 WARNING(S),  0 ERROR(S)
