C51 COMPILER V9.01   INTER                                                                 06/27/2014 02:04:07 PAGE 1   


C51 COMPILER V9.01, COMPILATION OF MODULE INTER
OBJECT MODULE PLACED IN inter.OBJ
COMPILER INVOKED BY: C:\Keil\C51\BIN\C51.EXE inter.c BROWSE DEBUG OBJECTEXTEND

line level    source

   1          #include<reg51.h>
   2          sbit a=P1^0;
   3          void main()
   4          {
   5   1      IE=0x81;
   6   1      a=1;
   7   1      
   8   1      }
   9          void cr()interrupt 0
  10          {
  11   1      a=0;
  12   1      }


MODULE INFORMATION:   STATIC OVERLAYABLE
   CODE SIZE        =      9    ----
   CONSTANT SIZE    =   ----    ----
   XDATA SIZE       =   ----    ----
   PDATA SIZE       =   ----    ----
   DATA SIZE        =   ----    ----
   IDATA SIZE       =   ----    ----
   BIT SIZE         =   ----    ----
END OF MODULE INFORMATION.


C51 COMPILATION COMPLETE.  0 WARNING(S),  0 ERROR(S)
