C51 COMPILER V9.01   LCD                                                                   06/18/2014 14:03:30 PAGE 1   


C51 COMPILER V9.01, COMPILATION OF MODULE LCD
OBJECT MODULE PLACED IN lcd.OBJ
COMPILER INVOKED BY: C:\Keil\C51\BIN\C51.EXE lcd.c BROWSE DEBUG OBJECTEXTEND

line level    source

   1          #include<reg51.h>
   2          #define LCD P1
   3          sbit rs=P2^0;
   4          sbit rw=P2^1;
   5          sbit en=P2^2;
   6          void delay(int x);
   7          void main()
   8          {
   9   1      LCD=0x38;
  10   1      rs=0;rw=0;en=1;
  11   1      delay(10);
  12   1      en=0;
  13   1      LCD=0x0E;
  14   1      rs=0;rw=0;en=1;
  15   1      delay(10);
  16   1      en=0;
  17   1      LCD=0x06;
  18   1      rs=0;rw=0;en=1;
  19   1      delay(10);
  20   1      en=0;
  21   1      LCD=0x80;
  22   1      rs=0;rw=0;en=1;
  23   1      delay(10);
  24   1      en=0;
  25   1      LCD='P';
  26   1      rs=1;rw=0;en=1;
  27   1      delay(10);
  28   1      en=0;
  29   1      LCD='A';
  30   1      rs=1;rw=0;en=1;
  31   1      delay(10);
  32   1      en=0;
  33   1      LCD='K';
  34   1      rs=1;rw=0;en=1;
  35   1      delay(10);
  36   1      en=0;
  37   1      LCD='H';
  38   1      rs=1;rw=0;en=1;
  39   1      delay(10);
  40   1      en=0;
  41   1      LCD='I';
  42   1      rs=1;rw=0;en=1;
  43   1      delay(10);
  44   1      en=0;
  45   1      }
  46          void delay(int x)
  47          {
  48   1      unsigned int i,j;
  49   1      for(i=0;i<40000;i++);
  50   1      for(j=0;j<x;j++);
  51   1      
  52   1      }


MODULE INFORMATION:   STATIC OVERLAYABLE
C51 COMPILER V9.01   LCD                                                                   06/18/2014 14:03:30 PAGE 2   

   CODE SIZE        =    140    ----
   CONSTANT SIZE    =   ----    ----
   XDATA SIZE       =   ----    ----
   PDATA SIZE       =   ----    ----
   DATA SIZE        =   ----       2
   IDATA SIZE       =   ----    ----
   BIT SIZE         =   ----    ----
END OF MODULE INFORMATION.


C51 COMPILATION COMPLETE.  0 WARNING(S),  0 ERROR(S)
