C51 COMPILER V9.01   LCDCAL                                                                06/26/2014 01:00:43 PAGE 1   


C51 COMPILER V9.01, COMPILATION OF MODULE LCDCAL
OBJECT MODULE PLACED IN lcdcal.OBJ
COMPILER INVOKED BY: C:\Keil\C51\BIN\C51.EXE lcdcal.c BROWSE DEBUG OBJECTEXTEND

line level    source

   1          #include<reg51.h>
   2          #include<math.h>
   3          #define LCD P1
   4          
   5          sbit rs=P2^0;
   6          sbit rw=P2^1;
   7          sbit en=P2^2;
   8          sbit a=P3^0;
   9          sbit b=P3^1;
  10          sbit c=P3^2;
  11          sbit d=P3^3;
  12          sbit e=P3^4;
  13          sbit f=P3^5;
  14          sbit g=P3^6;
  15          sbit h=P3^7;
  16          void delay(int x);
  17          void call();
  18          void fun();
  19          void add();
  20          void sub();
  21          void mul();
  22          void div();
  23          unsigned int op,k,l;
  24          void main()
  25          {
  26   1      LCD=0x38;
  27   1      call();
  28   1      LCD=0x0E;
  29   1      call();
  30   1      LCD=0x06;
  31   1      call();
  32   1      LCD=0x80;
  33   1      call();
  34   1      P3=0x0F;
  35   1      while(1)
  36   1      {
  37   2      P3=0xFE;      //first column
  38   2      if(e==0)
  39   2      {LCD='7';
  40   3      fun();}
  41   2      if(f==0)
  42   2      {LCD='4';
  43   3      fun();}
  44   2      if(g==0)
  45   2      {LCD='1';
  46   3      fun();}
  47   2      if(h==0)
  48   2      {LCD=' ';
  49   3      fun();}
  50   2      P3=0xFD;                  //second column
  51   2      if(e==0)
  52   2      {LCD='8';
  53   3      fun();}
  54   2      if(f==0)
  55   2      {LCD='5';
C51 COMPILER V9.01   LCDCAL                                                                06/26/2014 01:00:43 PAGE 2   

  56   3      fun();}
  57   2      if(g==0)
  58   2      {LCD='2';
  59   3      fun();}
  60   2      if(h==0)
  61   2      {LCD='0';
  62   3      fun();}
  63   2      P3=0xFB;         //third column
  64   2      if(e==0)
  65   2      {LCD='9';
  66   3      fun();}
  67   2      if(f==0)
  68   2      {LCD='6';
  69   3      fun();}
  70   2      if(g==0)
  71   2      {LCD='3';
  72   3      fun();}
  73   2      if(h==0)
  74   2      {LCD='=';
  75   3      fun();
  76   3      if((P3=0xF7)&&(h==0))
  77   3      {
  78   4      add();
  79   4       }
  80   3      else if((P3=0xF7)&&(g==0))
  81   3       {
  82   4       sub();
  83   4       }
  84   3      else if((P3=0xF7)&&(e==0))
  85   3      {
  86   4      div();
  87   4      }
  88   3      else if((P3=0xF7)&&(f==0))
  89   3      {
  90   4      mul();
  91   4      } 
  92   3      }       
  93   2      P3=0xF7;           //fourth column
  94   2      if(e==0)
  95   2      {LCD='/';
  96   3      fun();
  97   3      div();
  98   3      }
  99   2      if(f==0)
 100   2      {LCD='x';
 101   3      fun();
 102   3      mul();
 103   3      }
 104   2      if(g==0)
 105   2      {LCD='-';
 106   3      fun();
 107   3      sub();
 108   3      }
 109   2       if(h==0)
 110   2      {LCD='+';
 111   3      fun();
 112   3      add();
 113   3      }
 114   2      }
 115   1      }
 116          void delay(int x)                                                                                                                                                                                                                                                                                                                                                                                                                                                                                                                                                                                                                                                                                               
 117          {
C51 COMPILER V9.01   LCDCAL                                                                06/26/2014 01:00:43 PAGE 3   

 118   1      unsigned int i,j;
 119   1      for(i=0;i<40000;i++);
 120   1      for(j=0;j<x;j++);
 121   1      }
 122          void call()
 123          {
 124   1      rs=0;rw=0;en=1;
 125   1      delay(10);
 126   1      en=0;
 127   1      }
 128          void fun()
 129          {
 130   1      rs=1;rw=0;en=1;
 131   1      delay(10);
 132   1      en=0;
 133   1      }
 134          void add()
 135          {
 136   1      op=k+l;
 137   1      LCD=op;
 138   1      }
 139          void sub()
 140          {
 141   1      op=k-l;
 142   1      LCD=op;
 143   1      }
 144          void mul()
 145          {
 146   1      op=k*l;
 147   1      LCD=op;
 148   1      }
 149          void div()
 150          {
 151   1      op=k/l;
 152   1      LCD=op;
 153   1      }


MODULE INFORMATION:   STATIC OVERLAYABLE
   CODE SIZE        =    387    ----
   CONSTANT SIZE    =   ----    ----
   XDATA SIZE       =   ----    ----
   PDATA SIZE       =   ----    ----
   DATA SIZE        =      6       2
   IDATA SIZE       =   ----    ----
   BIT SIZE         =   ----    ----
END OF MODULE INFORMATION.


C51 COMPILATION COMPLETE.  0 WARNING(S),  0 ERROR(S)
