C51 COMPILER V9.01   LCDSTRING2                                                            06/26/2014 14:03:00 PAGE 1   


C51 COMPILER V9.01, COMPILATION OF MODULE LCDSTRING2
OBJECT MODULE PLACED IN lcdstring2.OBJ
COMPILER INVOKED BY: C:\Keil\C51\BIN\C51.EXE lcdstring2.c BROWSE DEBUG OBJECTEXTEND

line level    source

   1          #include<reg51.h>
   2          #define LCD P1
   3          sbit rs=P2^0;
   4          sbit rw=P2^1;
   5          sbit en=P2^2;
   6          void delay(unsigned int x);
   7          void fun();
   8          void call();
   9          void main()
  10          {
  11   1      unsigned char p[5],i;
  12   1      for(i=0;i<5;i++)
  13   1      {
  14   2      TMOD=0x20;
  15   2      TH1=-3;
  16   2      SCON=0x50;
  17   2      TR1=1;
  18   2      while(RI==0);
  19   2      p[i]=SBUF;
  20   2      //SBUF=p[i];
  21   2      }
  22   1      RI=0;
  23   1      
  24   1      //TR1=0;
  25   1        
  26   1      LCD=0x38;
  27   1      fun();
  28   1      LCD=0x0E;
  29   1      fun();
  30   1      LCD=0x06;
  31   1      fun();
  32   1      LCD=0x80;
  33   1      fun();
  34   1      for(i=0;i<5;i++)
  35   1      {
  36   2      
  37   2      LCD=p[i];  
  38   2      call();
  39   2      }
  40   1       }
  41          void delay(unsigned int x)
  42          {
  43   1      unsigned int i,j;
  44   1      for(i=0;i<1275;i++)
  45   1      for(j=0;j<x;j++);
  46   1      }
  47          void fun()
  48          {
  49   1      rs=0;rw=0;en=1;
  50   1      delay(20);
  51   1      en=0;
  52   1      }
  53          void call()
  54          {
  55   1      rs=1;rw=0;en=1;
C51 COMPILER V9.01   LCDSTRING2                                                            06/26/2014 14:03:00 PAGE 2   

  56   1      delay(20);
  57   1      en=0;    
  58   1      }


MODULE INFORMATION:   STATIC OVERLAYABLE
   CODE SIZE        =    137    ----
   CONSTANT SIZE    =   ----    ----
   XDATA SIZE       =   ----    ----
   PDATA SIZE       =   ----    ----
   DATA SIZE        =   ----       6
   IDATA SIZE       =   ----    ----
   BIT SIZE         =   ----    ----
END OF MODULE INFORMATION.


C51 COMPILATION COMPLETE.  0 WARNING(S),  0 ERROR(S)
