C51 COMPILER V9.01   LCDSELF                                                               06/19/2014 12:08:45 PAGE 1   


C51 COMPILER V9.01, COMPILATION OF MODULE LCDSELF
OBJECT MODULE PLACED IN lcdself.OBJ
COMPILER INVOKED BY: C:\Keil\C51\BIN\C51.EXE lcdself.c BROWSE DEBUG OBJECTEXTEND

line level    source

   1          #include<reg51.h>
   2          #define LCD P1
   3          sbit rs=P2^0;
   4          sbit rw=P2^1;
   5          sbit en=P2^2;
   6          sbit a=P1^0;
   7          sbit b=P1^0;
   8          sbit c=P1^0;
   9          sbit d=P1^0;
  10          sbit e=P1^0;
  11          sbit f=P1^0;
  12          sbit g=P1^0;
  13          sbit h=P1^0;
  14          void delay(int x);
  15          void call();
  16          void fun();
  17          void main()
  18          {
  19   1      LCD=0x38;
  20   1      call();
  21   1      LCD=0x0E;
  22   1      call();
  23   1      LCD=0x06;
  24   1      call();
  25   1      LCD=0x80;
  26   1      call();
  27   1      LCD='P';
  28   1      fun();
  29   1      b='A';LCD=b     ;
  30   1      fun();
  31   1       c='K';    LCD=c;
  32   1      fun();
  33   1      d='H';           LCD=d;
  34   1      fun();
  35   1      e='I';                     LCD=e;
  36   1      fun();
  37   1      }
  38          void delay(int x)
  39          {
  40   1      unsigned int i,j;
  41   1      for(i=0;i<40000;i++);
  42   1      for(j=0;j<x;j++);
  43   1      
  44   1      }
  45          void call()
  46          {
  47   1      rs=0;rw=0;en=1;
  48   1      delay(10);
  49   1      en=0;
  50   1      }
  51          void fun()
  52          {
  53   1      rs=1;rw=0;en=1;
  54   1      delay(10);
  55   1      en=0;
C51 COMPILER V9.01   LCDSELF                                                               06/19/2014 12:08:45 PAGE 2   

  56   1      }


MODULE INFORMATION:   STATIC OVERLAYABLE
   CODE SIZE        =    139    ----
   CONSTANT SIZE    =   ----    ----
   XDATA SIZE       =   ----    ----
   PDATA SIZE       =   ----    ----
   DATA SIZE        =   ----       2
   IDATA SIZE       =   ----    ----
   BIT SIZE         =   ----    ----
END OF MODULE INFORMATION.


C51 COMPILATION COMPLETE.  0 WARNING(S),  0 ERROR(S)
