C51 COMPILER V9.01   LCDSTRING                                                             06/25/2014 13:40:31 PAGE 1   


C51 COMPILER V9.01, COMPILATION OF MODULE LCDSTRING
OBJECT MODULE PLACED IN lcdstring.OBJ
COMPILER INVOKED BY: C:\Keil\C51\BIN\C51.EXE lcdstring.c BROWSE DEBUG OBJECTEXTEND

line level    source

   1          #include<reg51.h>
   2          #define LCD P1
   3          sbit rs=P2^0;
   4          sbit rw=P2^1;
   5          sbit en=P2^2;
   6          sbit g=P0^0;
   7          void delay(unsigned int x);
   8          //void str();
   9          void main()
  10          {unsigned char p;
  11   1      
  12   1      TMOD=0x20;
  13   1      TH1=-3;
  14   1      SCON=0x50;
  15   1      TR1=1;
  16   1      while(RI==0);
  17   1      p=SBUF;
  18   1      RI=0;
  19   1      TR1=0;
  20   1      
  21   1      LCD=0x38;
  22   1      rs=0;rw=0;en=1;
  23   1      delay(30);
  24   1      en=0;
  25   1      LCD=0x0E;
  26   1      rs=0;rw=0;en=1;
  27   1      delay(30);
  28   1      en=0;
  29   1      LCD=0x06;
  30   1      rs=0;rw=0;en=1;
  31   1      delay(30);
  32   1      en=0;
  33   1      LCD=0x80;
  34   1      rs=0;rw=0;en=1;
  35   1      delay(30);
  36   1      en=0;
  37   1      LCD=p;
  38   1      rs=1;rw=0;en=1;
  39   1      delay(30);
  40   1      en=0;
  41   1      }
  42          /*void delay()
  43          {
  44          
  45          TMOD=0x20;
  46          TH1=-3;
  47          SCON=0x50;
  48          TR1=1;
  49          while(RI==0);
  50          RI=0;
  51          TF1=0;
  52          } 
  53          void str()
  54          {
  55          //unsigned char a[5],sbuf;
C51 COMPILER V9.01   LCDSTRING                                                             06/25/2014 13:40:31 PAGE 2   

  56          unsigned char sbuf;
  57          //unsigned int i;
  58          
  59          //for(i=0;i<5;i++)
  60          //{
  61          //a[i]="HELLO";
  62          //sbuf=a[i];
  63          sbuf='A';
  64          txd=sbuf;
  65          rxd=txd;
  66          } */
  67          void delay(unsigned int x)
  68          {
  69   1      unsigned int i,j;
  70   1      for(i=0;i<40000;i++);
  71   1      for(j=0;j<x;j++);
  72   1      }
  73          


MODULE INFORMATION:   STATIC OVERLAYABLE
   CODE SIZE        =    123    ----
   CONSTANT SIZE    =   ----    ----
   XDATA SIZE       =   ----    ----
   PDATA SIZE       =   ----    ----
   DATA SIZE        =   ----       3
   IDATA SIZE       =   ----    ----
   BIT SIZE         =   ----    ----
END OF MODULE INFORMATION.


C51 COMPILATION COMPLETE.  0 WARNING(S),  0 ERROR(S)
