C51 COMPILER V9.01   LED13                                                                 06/13/2014 12:21:16 PAGE 1   


C51 COMPILER V9.01, COMPILATION OF MODULE LED13
OBJECT MODULE PLACED IN led13.OBJ
COMPILER INVOKED BY: C:\Keil\C51\BIN\C51.EXE led13.c BROWSE DEBUG OBJECTEXTEND

line level    source

   1           #include<reg51.h>
   2           sbit a=P1^0;
   3          sbit b=P1^1;
   4          void main()
   5           {
   6   1       unsigned int x;
   7   1       while(1)
   8   1      {
   9   2       a=0;b=0;
  10   2      for(x=0;x<40000;x++);
  11   2       a=1;b=1;
  12   2       for(x=0;x<40000;x++);
  13   2      
  14   2       }}


MODULE INFORMATION:   STATIC OVERLAYABLE
   CODE SIZE        =     60    ----
   CONSTANT SIZE    =   ----    ----
   XDATA SIZE       =   ----    ----
   PDATA SIZE       =   ----    ----
   DATA SIZE        =   ----    ----
   IDATA SIZE       =   ----    ----
   BIT SIZE         =   ----    ----
END OF MODULE INFORMATION.


C51 COMPILATION COMPLETE.  0 WARNING(S),  0 ERROR(S)
