C51 COMPILER V9.01   MAIN                                                                  06/13/2014 12:21:17 PAGE 1   


C51 COMPILER V9.01, COMPILATION OF MODULE MAIN
OBJECT MODULE PLACED IN main.OBJ
COMPILER INVOKED BY: C:\Keil\C51\BIN\C51.EXE main.c BROWSE DEBUG OBJECTEXTEND

line level    source

   1           #include<reg51.h>
   2           sbit a=P1^0;
   3           void main()
   4           {
   5   1                               unsigned int x;
   6   1                               while(1)
   7   1                               {
   8   2                               a=1;
   9   2                               for(x=0;x<40000;x++);
  10   2                               a=0;
  11   2                               for(x=0;x<40000;x++);
  12   2       }                        }


MODULE INFORMATION:   STATIC OVERLAYABLE
   CODE SIZE        =     56    ----
   CONSTANT SIZE    =   ----    ----
   XDATA SIZE       =   ----    ----
   PDATA SIZE       =   ----    ----
   DATA SIZE        =   ----    ----
   IDATA SIZE       =   ----    ----
   BIT SIZE         =   ----    ----
END OF MODULE INFORMATION.


C51 COMPILATION COMPLETE.  0 WARNING(S),  0 ERROR(S)
