C51 COMPILER V9.01   MOTOR                                                                 06/21/2014 18:30:49 PAGE 1   


C51 COMPILER V9.01, COMPILATION OF MODULE MOTOR
OBJECT MODULE PLACED IN motor.OBJ
COMPILER INVOKED BY: C:\Keil\C51\BIN\C51.EXE motor.c BROWSE DEBUG OBJECTEXTEND

line level    source

   1          #include<reg51.h>
   2          sbit ip1=P1^0;
   3          sbit ip2=P1^1;
   4          sbit op1=P2^0;
   5          sbit op2=P2^1;
   6          void delay(int x);
   7          void main()
   8          {
   9   1      unsigned int i;
  10   1      while(i<200)
  11   1      {
  12   2      op1=1;op2=1;
  13   2      delay(30);
  14   2      ip1=0;ip2=0;
  15   2      delay(70);
  16   2      ip1=1;ip2=0;
  17   2      delay(70);
  18   2      ip1=1;ip2=1;
  19   2      delay(70);
  20   2      ip1=1;ip2=0;
  21   2      delay(30);
  22   2      ip1=1;ip2=0;
  23   2      delay(50);
  24   2      ip1=1;ip2=0;
  25   2      delay(50);
  26   2      }
  27   1      }
  28          void delay(int x)
  29          {
  30   1      unsigned int a,b;
  31   1      for(a=0;a<40000;a++);
  32   1      for(b=0;b<x;b++);
  33   1      }


MODULE INFORMATION:   STATIC OVERLAYABLE
   CODE SIZE        =    130    ----
   CONSTANT SIZE    =   ----    ----
   XDATA SIZE       =   ----    ----
   PDATA SIZE       =   ----    ----
   DATA SIZE        =   ----       4
   IDATA SIZE       =   ----    ----
   BIT SIZE         =   ----    ----
END OF MODULE INFORMATION.


C51 COMPILATION COMPLETE.  0 WARNING(S),  0 ERROR(S)
