C51 COMPILER V9.01   SSD                                                                   06/13/2014 13:58:42 PAGE 1   


C51 COMPILER V9.01, COMPILATION OF MODULE SSD
OBJECT MODULE PLACED IN ssd.OBJ
COMPILER INVOKED BY: C:\Keil\C51\BIN\C51.EXE ssd.c BROWSE DEBUG OBJECTEXTEND

line level    source

   1          #include<reg51.h>
   2          #define SSD P1
   3          void delay(int x);
   4          void main()
   5          {
   6   1      unsigned char i, A[ ]={0x3F,0x06,0x5B,0x4F,0x66,0x6D,0x7D,0x07,0x7F,0x6F};
   7   1      for(i=0; i<10;i++)
   8   1      {
   9   2      SSD=A[i];
  10   2      delay(100);
  11   2      }
  12   1      while(1);
  13   1      }
  14          void delay(int x)
  15          {
  16   1      unsigned int i,j;
  17   1      for(i=0;i<40000;i++);
  18   1      for(j=0;j<x;j++);
  19   1      }


MODULE INFORMATION:   STATIC OVERLAYABLE
   CODE SIZE        =     97    ----
   CONSTANT SIZE    =     10    ----
   XDATA SIZE       =   ----    ----
   PDATA SIZE       =   ----    ----
   DATA SIZE        =   ----      13
   IDATA SIZE       =   ----    ----
   BIT SIZE         =   ----    ----
END OF MODULE INFORMATION.


C51 COMPILATION COMPLETE.  0 WARNING(S),  0 ERROR(S)
