C51 COMPILER V9.01   STEPPER                                                               06/21/2014 17:43:43 PAGE 1   


C51 COMPILER V9.01, COMPILATION OF MODULE STEPPER
OBJECT MODULE PLACED IN stepper.OBJ
COMPILER INVOKED BY: C:\Keil\C51\BIN\C51.EXE stepper.c BROWSE DEBUG OBJECTEXTEND

line level    source

   1          #include<reg51.h>
   2          //sbit ip1=P1^0;
   3          //sbit ip2=P1^1;
   4          //sbit op1=P2^0;
   5          //sbit op2=P2^1;
   6          sbit a=P3^0;
   7          sbit b=P3^1;
   8          sbit c=P3^2;
   9          sbit d=P3^3;
  10          void delay(int x);
  11          void main()
  12          {
  13   1      unsigned int i;
  14   1      while(i<200)
  15   1      {
  16   2      //ip1=0;ip2=1;
  17   2      //delay(70);
  18   2      a=1;b=0;c=0;d=1;
  19   2      delay(30);
  20   2      //ip1=1;ip2=0;
  21   2      //delay(70);
  22   2      a=1;b=1;c=0;d=0;
  23   2      delay(70);
  24   2      //ip1=0;ip2=1;
  25   2      //delay(70);
  26   2      a=0;b=1;c=1;d=0;
  27   2      delay(70);
  28   2      //ip1=1;ip2=0;
  29   2      //delay(70);
  30   2      a=0;b=0;c=1;d=1;
  31   2      //ip1=0;ip2=1;
  32   2      //delay(70);
  33   2      //ip1=1;ip2=0;
  34   2      //delay(30);
  35   2      //ip1=0;ip2=1;
  36   2      //delay(50);
  37   2      //ip1=1;ip2=0;
  38   2      //delay(50);
  39   2      }
  40   1      }
  41          void delay(int x)
  42          {
  43   1      unsigned int a,b;
  44   1      for(a=0;a<40000;a++);
  45   1      for(b=0;b<x;b++);
  46   1      }


MODULE INFORMATION:   STATIC OVERLAYABLE
   CODE SIZE        =    110    ----
   CONSTANT SIZE    =   ----    ----
   XDATA SIZE       =   ----    ----
   PDATA SIZE       =   ----    ----
   DATA SIZE        =   ----       4
   IDATA SIZE       =   ----    ----
C51 COMPILER V9.01   STEPPER                                                               06/21/2014 17:43:43 PAGE 2   

   BIT SIZE         =   ----    ----
END OF MODULE INFORMATION.


C51 COMPILATION COMPLETE.  0 WARNING(S),  0 ERROR(S)
